  [1m[35m (508.2ms)[0m  [1m[35mCREATE DATABASE "cat_tiner_backend_development" ENCODING = 'unicode'[0m
  [1m[35m (229.0ms)[0m  [1m[35mCREATE DATABASE "cat_tiner_backend_test" ENCODING = 'unicode'[0m
  [1m[35m (69.8ms)[0m  [1m[35mCREATE TABLE "schema_migrations" ("version" character varying NOT NULL PRIMARY KEY)[0m
  [1m[35m (26.6ms)[0m  [1m[35mCREATE TABLE "ar_internal_metadata" ("key" character varying NOT NULL PRIMARY KEY, "value" character varying, "created_at" timestamp(6) NOT NULL, "updated_at" timestamp(6) NOT NULL)[0m
  [1m[35m (0.2ms)[0m  [1m[34mSELECT pg_try_advisory_lock(4204924836634964715)[0m
  [1m[35m (0.4ms)[0m  [1m[34mSELECT "schema_migrations"."version" FROM "schema_migrations" ORDER BY "schema_migrations"."version" ASC[0m
Migrating to CreateCats (20200326183127)
  [1m[35m (0.1ms)[0m  [1m[35mBEGIN[0m
  [1m[35m (19.8ms)[0m  [1m[35mCREATE TABLE "cats" ("id" bigserial primary key, "name" character varying, "age" character varying, "image" character varying, "interests" character varying, "created_at" timestamp(6) NOT NULL, "updated_at" timestamp(6) NOT NULL)[0m
  [1m[36mprimary::SchemaMigration Create (0.3ms)[0m  [1m[32mINSERT INTO "schema_migrations" ("version") VALUES ($1) RETURNING "version"[0m  [["version", "20200326183127"]]
  [1m[35m (2.3ms)[0m  [1m[35mCOMMIT[0m
  [1m[36mActiveRecord::InternalMetadata Load (0.3ms)[0m  [1m[34mSELECT "ar_internal_metadata".* FROM "ar_internal_metadata" WHERE "ar_internal_metadata"."key" = $1 LIMIT $2[0m  [["key", "environment"], ["LIMIT", 1]]
  [1m[35m (0.1ms)[0m  [1m[35mBEGIN[0m
  [1m[36mActiveRecord::InternalMetadata Create (0.8ms)[0m  [1m[32mINSERT INTO "ar_internal_metadata" ("key", "value", "created_at", "updated_at") VALUES ($1, $2, $3, $4) RETURNING "key"[0m  [["key", "environment"], ["value", "development"], ["created_at", "2020-03-26 18:31:38.132159"], ["updated_at", "2020-03-26 18:31:38.132159"]]
  [1m[35m (0.7ms)[0m  [1m[35mCOMMIT[0m
  [1m[35m (0.2ms)[0m  [1m[34mSELECT pg_advisory_unlock(4204924836634964715)[0m
  [1m[35m (0.5ms)[0m  [1m[34mSELECT "schema_migrations"."version" FROM "schema_migrations" ORDER BY "schema_migrations"."version" ASC[0m
  [1m[35m (0.4ms)[0m  [1m[34mSELECT "schema_migrations"."version" FROM "schema_migrations" ORDER BY "schema_migrations"."version" ASC[0m
  [1m[35m (0.1ms)[0m  [1m[35mBEGIN[0m
  [1m[36mCat Create (1.0ms)[0m  [1m[32mINSERT INTO "cats" ("name", "age", "image", "interests", "created_at", "updated_at") VALUES ($1, $2, $3, $4, $5, $6) RETURNING "id"[0m  [["name", "Whirlpool"], ["age", "3"], ["image", "https://i2.pickpik.com/photos/370/957/85/cat-mieze-tiger-cat-funny-preview.jpg"], ["interests", "knocking stuff off the countertop"], ["created_at", "2020-03-26 18:33:27.581104"], ["updated_at", "2020-03-26 18:33:27.581104"]]
  [1m[35m (0.7ms)[0m  [1m[35mCOMMIT[0m
  [1m[35m (0.1ms)[0m  [1m[35mBEGIN[0m
  [1m[36mCat Create (0.2ms)[0m  [1m[32mINSERT INTO "cats" ("name", "age", "image", "interests", "created_at", "updated_at") VALUES ($1, $2, $3, $4, $5, $6) RETURNING "id"[0m  [["name", "BeanyWeeny"], ["age", "1"], ["image", "https://live.staticflickr.com/1677/25732632800_d97d5fe8d8.jpg"], ["interests", "drinking out of the toilet"], ["created_at", "2020-03-26 18:33:27.585970"], ["updated_at", "2020-03-26 18:33:27.585970"]]
  [1m[35m (0.7ms)[0m  [1m[35mCOMMIT[0m
  [1m[35m (0.1ms)[0m  [1m[35mBEGIN[0m
  [1m[36mCat Create (0.2ms)[0m  [1m[32mINSERT INTO "cats" ("name", "age", "image", "interests", "created_at", "updated_at") VALUES ($1, $2, $3, $4, $5, $6) RETURNING "id"[0m  [["name", "GorillaGlue"], ["age", "3"], ["image", "https://c1.wallpaperflare.com/preview/250/604/965/persian-cat-cat-felidae-domestic-cat.jpg"], ["interests", "sleeping on keyboards"], ["created_at", "2020-03-26 18:33:27.589531"], ["updated_at", "2020-03-26 18:33:27.589531"]]
  [1m[35m (0.7ms)[0m  [1m[35mCOMMIT[0m
  [1m[35m (0.1ms)[0m  [1m[35mBEGIN[0m
  [1m[36mCat Create (0.2ms)[0m  [1m[32mINSERT INTO "cats" ("name", "age", "image", "interests", "created_at", "updated_at") VALUES ($1, $2, $3, $4, $5, $6) RETURNING "id"[0m  [["name", "OrangeHaze"], ["age", "1"], ["image", "https://p2.piqsels.com/preview/96/218/548/cat-domestic-cat-mackerel-pet.jpg"], ["interests", "watching romcoms"], ["created_at", "2020-03-26 18:33:27.593097"], ["updated_at", "2020-03-26 18:33:27.593097"]]
  [1m[35m (0.7ms)[0m  [1m[35mCOMMIT[0m
  [1m[35m (0.1ms)[0m  [1m[35mBEGIN[0m
  [1m[36mCat Create (0.2ms)[0m  [1m[32mINSERT INTO "cats" ("name", "age", "image", "interests", "created_at", "updated_at") VALUES ($1, $2, $3, $4, $5, $6) RETURNING "id"[0m  [["name", "Smitty WerbenJagerManJensen"], ["age", "1"], ["image", "https://images.dailykos.com/images/295092/large/Taco-Cat-Spelled-Backwards-Is-Taco-Cat.-e1430184838220_1_.jpg?1472864097"], ["interests", "Being Number 1"], ["created_at", "2020-03-26 18:33:27.596680"], ["updated_at", "2020-03-26 18:33:27.596680"]]
  [1m[35m (0.7ms)[0m  [1m[35mCOMMIT[0m
  [1m[35m (0.1ms)[0m  [1m[35mBEGIN[0m
  [1m[36mCat Create (0.7ms)[0m  [1m[32mINSERT INTO "cats" ("name", "age", "image", "interests", "created_at", "updated_at") VALUES ($1, $2, $3, $4, $5, $6) RETURNING "id"[0m  [["name", "Richard"], ["age", "6"], ["image", "https://i.pinimg.com/originals/72/48/a1/7248a1d4a343b9e78930bf250a2db212.jpg"], ["interests", "Being not suspicious at all"], ["created_at", "2020-03-26 18:33:27.600305"], ["updated_at", "2020-03-26 18:33:27.600305"]]
  [1m[35m (0.8ms)[0m  [1m[35mCOMMIT[0m
  [1m[35m (0.2ms)[0m  [1m[34mSELECT pg_try_advisory_lock(4204924836634964715)[0m
  [1m[35m (0.5ms)[0m  [1m[34mSELECT "schema_migrations"."version" FROM "schema_migrations" ORDER BY "schema_migrations"."version" ASC[0m
  [1m[36mActiveRecord::InternalMetadata Load (0.3ms)[0m  [1m[34mSELECT "ar_internal_metadata".* FROM "ar_internal_metadata" WHERE "ar_internal_metadata"."key" = $1 LIMIT $2[0m  [["key", "environment"], ["LIMIT", 1]]
  [1m[35m (0.2ms)[0m  [1m[34mSELECT pg_advisory_unlock(4204924836634964715)[0m
  [1m[35m (0.5ms)[0m  [1m[34mSELECT "schema_migrations"."version" FROM "schema_migrations" ORDER BY "schema_migrations"."version" ASC[0m
